Performing C SOURCE FILE Test CMAKE_HAVE_LIBC_PTHREAD failed with the following output:
Change Dir: /home/zxp/web1/build/CMakeFiles/CMakeTmp

Run Build Command(s):/usr/bin/make cmTC_e8015/fast && make[1]: 进入目录“/home/zxp/web1/build/CMakeFiles/CMakeTmp”
/usr/bin/make -f CMakeFiles/cmTC_e8015.dir/build.make CMakeFiles/cmTC_e8015.dir/build
make[2]: 进入目录“/home/zxp/web1/build/CMakeFiles/CMakeTmp”
Building C object CMakeFiles/cmTC_e8015.dir/src.c.o
/usr/bin/cc   -DCMAKE_HAVE_LIBC_PTHREAD   -o CMakeFiles/cmTC_e8015.dir/src.c.o   -c /home/zxp/web1/build/CMakeFiles/CMakeTmp/src.c
Linking C executable cmTC_e8015
/usr/bin/cmake -E cmake_link_script CMakeFiles/cmTC_e8015.dir/link.txt --verbose=1
/usr/bin/cc  -DCMAKE_HAVE_LIBC_PTHREAD    CMakeFiles/cmTC_e8015.dir/src.c.o  -o cmTC_e8015 
/usr/bin/ld: CMakeFiles/cmTC_e8015.dir/src.c.o: in function `main':
src.c:(.text+0x46): undefined reference to `pthread_create'
/usr/bin/ld: src.c:(.text+0x52): undefined reference to `pthread_detach'
/usr/bin/ld: src.c:(.text+0x63): undefined reference to `pthread_join'
collect2: error: ld returned 1 exit status
make[2]: *** [CMakeFiles/cmTC_e8015.dir/build.make:87：cmTC_e8015] 错误 1
make[2]: 离开目录“/home/zxp/web1/build/CMakeFiles/CMakeTmp”
make[1]: *** [Makefile:121：cmTC_e8015/fast] 错误 2
make[1]: 离开目录“/home/zxp/web1/build/CMakeFiles/CMakeTmp”


Source file was:
#include <pthread.h>

void* test_func(void* data)
{
  return data;
}

int main(void)
{
  pthread_t thread;
  pthread_create(&thread, NULL, test_func, NULL);
  pthread_detach(thread);
  pthread_join(thread, NULL);
  pthread_atfork(NULL, NULL, NULL);
  pthread_exit(NULL);

  return 0;
}

Determining if the function pthread_create exists in the pthreads failed with the following output:
Change Dir: /home/zxp/web1/build/CMakeFiles/CMakeTmp

Run Build Command(s):/usr/bin/make cmTC_a7b9b/fast && make[1]: 进入目录“/home/zxp/web1/build/CMakeFiles/CMakeTmp”
/usr/bin/make -f CMakeFiles/cmTC_a7b9b.dir/build.make CMakeFiles/cmTC_a7b9b.dir/build
make[2]: 进入目录“/home/zxp/web1/build/CMakeFiles/CMakeTmp”
Building C object CMakeFiles/cmTC_a7b9b.dir/CheckFunctionExists.c.o
/usr/bin/cc   -DCHECK_FUNCTION_EXISTS=pthread_create   -o CMakeFiles/cmTC_a7b9b.dir/CheckFunctionExists.c.o   -c /usr/share/cmake-3.16/Modules/CheckFunctionExists.c
Linking C executable cmTC_a7b9b
/usr/bin/cmake -E cmake_link_script CMakeFiles/cmTC_a7b9b.dir/link.txt --verbose=1
/usr/bin/cc  -DCHECK_FUNCTION_EXISTS=pthread_create    CMakeFiles/cmTC_a7b9b.dir/CheckFunctionExists.c.o  -o cmTC_a7b9b  -lpthreads 
/usr/bin/ld: 找不到 -lpthreads
collect2: error: ld returned 1 exit status
make[2]: *** [CMakeFiles/cmTC_a7b9b.dir/build.make:87：cmTC_a7b9b] 错误 1
make[2]: 离开目录“/home/zxp/web1/build/CMakeFiles/CMakeTmp”
make[1]: *** [Makefile:121：cmTC_a7b9b/fast] 错误 2
make[1]: 离开目录“/home/zxp/web1/build/CMakeFiles/CMakeTmp”



